#
# A fatal error has been detected by the Java Runtime Environment:
#
#  Internal Error (javaClasses.cpp:126), pid=10036, tid=10336
#  fatal error: Invalid layout of preloaded class
#
# JRE version:  (8.0_25-b18) (build )
# Java VM: Java HotSpot(TM) Client VM (25.25-b02 mixed mode windows-x86 )
# Failed to write core dump. Minidumps are not enabled by default on client versions of Windows
#
# If you would like to submit a bug report, please visit:
#   http://bugreport.sun.com/bugreport/crash.jsp
#

---------------  T H R E A D  ---------------

Current thread (0x0037d000):  JavaThread "Unknown thread" [_thread_in_vm, id=10336, stack(0x00ad0000,0x00b20000)]

Stack: [0x00ad0000,0x00b20000],  sp=0x00b1f934,  free space=318k
Native frames: (J=compiled Java code, j=interpreted, Vv=VM code, C=native code)
V  [jvm.dll+0x19796b]
V  [jvm.dll+0x1908e6]
V  [jvm.dll+0x3b4e9]
V  [jvm.dll+0x3b69e]
V  [jvm.dll+0x4a063]
V  [jvm.dll+0x9dc8e]
V  [jvm.dll+0x9df52]
V  [jvm.dll+0x145a01]
V  [jvm.dll+0x169ab8]
V  [jvm.dll+0xdaea1]
C  [javaw.exe+0x13e4]
C  [javaw.exe+0x1eb7]
C  [javaw.exe+0xaba1]
C  [javaw.exe+0xac2b]
C  [kernel32.dll+0x1338a]
C  [ntdll.dll+0x39f72]
C  [ntdll.dll+0x39f45]
C  0x00000000


---------------  P R O C E S S  ---------------

Java Threads: ( => current thread )

Other Threads:

=>0x0037d000 (exited) JavaThread "Unknown thread" [_thread_in_vm, id=10336, stack(0x00ad0000,0x00b20000)]

VM state:not at safepoint (not fully initialized)

VM Mutex/Monitor currently owned by a thread: None

GC Heap History (0 events):
No events

Deoptimization events (0 events):
No events

Internal exceptions (0 events):
No events

Events (10 events):
Event: 0.037 loading class java/lang/CharSequence done
Event: 0.037 loading class java/lang/String done
Event: 0.037 loading class java/lang/Class
Event: 0.038 loading class java/lang/reflect/AnnotatedElement
Event: 0.038 loading class java/lang/reflect/AnnotatedElement done
Event: 0.038 loading class java/lang/reflect/GenericDeclaration
Event: 0.038 loading class java/lang/reflect/GenericDeclaration done
Event: 0.038 loading class java/lang/reflect/Type
Event: 0.038 loading class java/lang/reflect/Type done
Event: 0.038 loading class java/lang/Class done


Dynamic libraries:
0x00c30000 - 0x00c60000 	C:\Program Files (x86)\Java\jre1.8.0_25\bin\javaw.exe
0x77260000 - 0x773e0000 	C:\Windows\SysWOW64\ntdll.dll
0x765c0000 - 0x766d0000 	C:\Windows\syswow64\kernel32.dll
0x74c80000 - 0x74cc7000 	C:\Windows\syswow64\KERNELBASE.dll
0x76520000 - 0x765c0000 	C:\Windows\syswow64\ADVAPI32.dll
0x76ce0000 - 0x76d8c000 	C:\Windows\syswow64\msvcrt.dll
0x76de0000 - 0x76df9000 	C:\Windows\SysWOW64\sechost.dll
0x75610000 - 0x75700000 	C:\Windows\syswow64\RPCRT4.dll
0x74bf0000 - 0x74c50000 	C:\Windows\syswow64\SspiCli.dll
0x74be0000 - 0x74bec000 	C:\Windows\syswow64\CRYPTBASE.dll
0x752c0000 - 0x753c0000 	C:\Windows\syswow64\USER32.dll
0x753c0000 - 0x75450000 	C:\Windows\syswow64\GDI32.dll
0x75240000 - 0x7524a000 	C:\Windows\syswow64\LPK.dll
0x76920000 - 0x769bd000 	C:\Windows\syswow64\USP10.dll
0x72d90000 - 0x72f2e000 	C:\Windows\WinSxS\x86_microsoft.windows.common-controls_6595b64144ccf1df_6.0.7601.17514_none_41e6975e2bd6f2b2\COMCTL32.dll
0x751e0000 - 0x75237000 	C:\Windows\syswow64\SHLWAPI.dll
0x76e00000 - 0x76e60000 	C:\Windows\system32\IMM32.DLL
0x75080000 - 0x7514c000 	C:\Windows\syswow64\MSCTF.dll
0x749a0000 - 0x749ca000 	C:\Windows\SysWOW64\nvinit.dll
0x0f000000 - 0x0f006000 	C:\Program Files (x86)\NVIDIA Corporation\CoProcManager\_etoured.dll
0x68160000 - 0x681b3000 	C:\Program Files (x86)\NVIDIA Corporation\CoProcManager\nvd3d9wrap.dll
0x74cd0000 - 0x74e6d000 	C:\Windows\syswow64\SETUPAPI.dll
0x76830000 - 0x76857000 	C:\Windows\syswow64\CFGMGR32.dll
0x75150000 - 0x751df000 	C:\Windows\syswow64\OLEAUT32.dll
0x75700000 - 0x7585c000 	C:\Windows\syswow64\ole32.dll
0x75050000 - 0x75062000 	C:\Windows\syswow64\DEVOBJ.dll
0x67f20000 - 0x67f5b000 	C:\Program Files (x86)\NVIDIA Corporation\CoProcManager\nvdxgiwrap.dll
0x62a20000 - 0x62adf000 	C:\Program Files (x86)\Java\jre1.8.0_25\bin\msvcr100.dll
0x60e40000 - 0x611e4000 	C:\Program Files (x86)\Java\jre1.8.0_25\bin\client\jvm.dll
0x73a50000 - 0x73a57000 	C:\Windows\system32\WSOCK32.dll
0x76d90000 - 0x76dc5000 	C:\Windows\syswow64\WS2_32.dll
0x76dd0000 - 0x76dd6000 	C:\Windows\syswow64\NSI.dll
0x74090000 - 0x740c2000 	C:\Windows\system32\WINMM.dll
0x75070000 - 0x75075000 	C:\Windows\syswow64\PSAPI.DLL
0x67570000 - 0x6757c000 	C:\Program Files (x86)\Java\jre1.8.0_25\bin\verify.dll
0x64920000 - 0x64941000 	C:\Program Files (x86)\Java\jre1.8.0_25\bin\java.dll
0x64560000 - 0x64573000 	C:\Program Files (x86)\Java\jre1.8.0_25\bin\zip.dll
0x73e60000 - 0x73f4b000 	C:\Windows\system32\dbghelp.dll

VM Arguments:
jvm_args: -Dfile.encoding=GBK -Xbootclasspath:D:\android-sdk\platforms\android-17\android.jar 
java_command: com.project.identification.test
java_class_path (initial): E:\项目文档\java\Identification6\libs\android-support-v4.jar;E:\项目文档\java\Identification6\bin\classes
Launcher Type: SUN_STANDARD

Environment Variables:
JAVA_HOME=C:\Program Files\Java\jdk1.8.0_25
CLASSPATH=.;C:\Program Files\Java\jdk1.8.0_25\lib\dt.jar;C:\Program Files\Java\jdk1.8.0_25\lib\tools.jar;F:\迅雷下载\sqljdbc4\Microsoft JDBC Driver 4.0 for SQL Server\sqljdbc_4.0\chs;D:\tomcat\apache-tomcat-6.0.43commmon/lib
PATH=C:/Program Files (x86)/Java/jre1.8.0_31/bin/client;C:/Program Files (x86)/Java/jre1.8.0_31/bin;C:/Program Files (x86)/Java/jre1.8.0_31/lib/i386;C:\Program Files (x86)\NVIDIA Corporation\PhysX\Common;C:\ProgramData\Oracle\Java\javapath;C:\Program Files\Java\jdk1.8.0_25\bin;C:\Program Files\Java\jdk1.8.0_25\jre\bin;C:\Windows\system32;C:\Windows;C:\Windows\System32\Wbem;C:\Windows\System32\WindowsPowerShell\v1.0\;C:\Program Files (x86)\Windows Kits\8.1\Windows Performance Toolkit\;C:\Program Files\Microsoft SQL Server\110\Tools\Binn\;D:\opencv2.4.9\opencv\build\x86\vc12\bin;C:\Program Files (x86)\CodeBlocks\MinGW\bin;C:\Program Files (x86)\Microsoft SQL Server\100\Tools\Binn\;C:\Program Files\Microsoft SQL Server\100\Tools\Binn\;C:\Program Files\Microsoft SQL Server\100\DTS\Binn\;C:\Program Files (x86)\Microsoft SQL Server\100\Tools\Binn\VSShell\Common7\IDE\;C:\Program Files (x86)\Microsoft SQL Server\100\DTS\Binn\;D:\android-sdk\tools;D:\android-sdk\platform-tools;D:\jboss-eap-6.2\bin;D:\tomcat\apache-tomcat-6.0.43/bin;D:\opencv2.4.9\opencv\build\x86\vc12\bin;F:\迅雷下载\eclipse-java-luna-SR1-win32\eclipse;
USERNAME=Administrator
OS=Windows_NT
PROCESSOR_IDENTIFIER=Intel64 Family 6 Model 58 Stepping 9, GenuineIntel



---------------  S Y S T E M  ---------------

OS: Windows 7 , 64 bit Build 7601 Service Pack 1

CPU:total 4 (2 cores per cpu, 2 threads per core) family 6 model 58 stepping 9, cmov, cx8, fxsr, mmx, sse, sse2, sse3, ssse3, sse4.1, sse4.2, popcnt, avx, clmul, erms, ht, tsc, tscinvbit, tscinv

Memory: 4k page, physical 3984996k(1740192k free), swap 7968136k(4083080k free)

vm_info: Java HotSpot(TM) Client VM (25.25-b02) for windows-x86 JRE (1.8.0_25-b18), built on Oct  7 2014 14:31:05 by "java_re" with MS VC++ 10.0 (VS2010)

time: Wed Apr 01 10:51:04 2015
elapsed time: 0 seconds (0d 0h 0m 0s)

